{"/Users/jordan/Desktop/Dev/automatedBalance-backend/controllers/balanceController.js": {"path":"/Users/jordan/Desktop/Dev/automatedBalance-backend/controllers/balanceController.js","statementMap":{"0":{"start":{"line":1,"column":16},"end":{"line":1,"column":44}},"1":{"start":{"line":3,"column":0},"end":{"line":19,"column":2}},"2":{"start":{"line":4,"column":16},"end":{"line":9,"column":3}},"3":{"start":{"line":11,"column":2},"end":{"line":18,"column":7}},"4":{"start":{"line":14,"column":6},"end":{"line":14,"column":24}},"5":{"start":{"line":17,"column":6},"end":{"line":17,"column":23}},"6":{"start":{"line":21,"column":0},"end":{"line":36,"column":2}},"7":{"start":{"line":22,"column":16},"end":{"line":27,"column":3}},"8":{"start":{"line":28,"column":2},"end":{"line":35,"column":7}},"9":{"start":{"line":31,"column":6},"end":{"line":31,"column":24}},"10":{"start":{"line":34,"column":6},"end":{"line":34,"column":23}},"11":{"start":{"line":38,"column":0},"end":{"line":54,"column":2}},"12":{"start":{"line":39,"column":16},"end":{"line":44,"column":3}},"13":{"start":{"line":46,"column":2},"end":{"line":53,"column":7}},"14":{"start":{"line":49,"column":6},"end":{"line":49,"column":24}},"15":{"start":{"line":52,"column":6},"end":{"line":52,"column":23}},"16":{"start":{"line":56,"column":0},"end":{"line":72,"column":2}},"17":{"start":{"line":57,"column":16},"end":{"line":62,"column":3}},"18":{"start":{"line":64,"column":2},"end":{"line":71,"column":7}},"19":{"start":{"line":67,"column":6},"end":{"line":67,"column":24}},"20":{"start":{"line":70,"column":6},"end":{"line":70,"column":23}},"21":{"start":{"line":74,"column":0},"end":{"line":90,"column":2}},"22":{"start":{"line":75,"column":16},"end":{"line":80,"column":3}},"23":{"start":{"line":82,"column":2},"end":{"line":89,"column":7}},"24":{"start":{"line":85,"column":6},"end":{"line":85,"column":24}},"25":{"start":{"line":88,"column":6},"end":{"line":88,"column":23}},"26":{"start":{"line":92,"column":0},"end":{"line":107,"column":2}},"27":{"start":{"line":93,"column":16},"end":{"line":98,"column":3}},"28":{"start":{"line":99,"column":2},"end":{"line":106,"column":7}},"29":{"start":{"line":102,"column":6},"end":{"line":102,"column":24}},"30":{"start":{"line":105,"column":6},"end":{"line":105,"column":23}},"31":{"start":{"line":109,"column":0},"end":{"line":124,"column":2}},"32":{"start":{"line":110,"column":16},"end":{"line":115,"column":3}},"33":{"start":{"line":116,"column":2},"end":{"line":123,"column":7}},"34":{"start":{"line":119,"column":6},"end":{"line":119,"column":24}},"35":{"start":{"line":122,"column":6},"end":{"line":122,"column":23}},"36":{"start":{"line":126,"column":0},"end":{"line":141,"column":2}},"37":{"start":{"line":127,"column":16},"end":{"line":132,"column":3}},"38":{"start":{"line":133,"column":2},"end":{"line":140,"column":7}},"39":{"start":{"line":136,"column":6},"end":{"line":136,"column":24}},"40":{"start":{"line":139,"column":6},"end":{"line":139,"column":23}},"41":{"start":{"line":143,"column":0},"end":{"line":158,"column":2}},"42":{"start":{"line":144,"column":16},"end":{"line":149,"column":3}},"43":{"start":{"line":150,"column":2},"end":{"line":157,"column":7}},"44":{"start":{"line":153,"column":6},"end":{"line":153,"column":24}},"45":{"start":{"line":156,"column":6},"end":{"line":156,"column":23}},"46":{"start":{"line":160,"column":0},"end":{"line":175,"column":2}},"47":{"start":{"line":161,"column":16},"end":{"line":166,"column":3}},"48":{"start":{"line":167,"column":2},"end":{"line":174,"column":7}},"49":{"start":{"line":170,"column":6},"end":{"line":170,"column":24}},"50":{"start":{"line":173,"column":6},"end":{"line":173,"column":23}},"51":{"start":{"line":177,"column":0},"end":{"line":187,"column":2}},"52":{"start":{"line":178,"column":16},"end":{"line":178,"column":37}},"53":{"start":{"line":179,"column":2},"end":{"line":186,"column":7}},"54":{"start":{"line":182,"column":6},"end":{"line":182,"column":24}},"55":{"start":{"line":185,"column":6},"end":{"line":185,"column":23}},"56":{"start":{"line":189,"column":0},"end":{"line":204,"column":2}},"57":{"start":{"line":190,"column":16},"end":{"line":195,"column":3}},"58":{"start":{"line":196,"column":2},"end":{"line":203,"column":7}},"59":{"start":{"line":199,"column":6},"end":{"line":199,"column":24}},"60":{"start":{"line":202,"column":6},"end":{"line":202,"column":23}},"61":{"start":{"line":206,"column":0},"end":{"line":221,"column":2}},"62":{"start":{"line":207,"column":16},"end":{"line":212,"column":3}},"63":{"start":{"line":213,"column":2},"end":{"line":220,"column":7}},"64":{"start":{"line":216,"column":6},"end":{"line":216,"column":24}},"65":{"start":{"line":219,"column":6},"end":{"line":219,"column":23}},"66":{"start":{"line":223,"column":0},"end":{"line":238,"column":2}},"67":{"start":{"line":224,"column":16},"end":{"line":229,"column":3}},"68":{"start":{"line":230,"column":2},"end":{"line":237,"column":7}},"69":{"start":{"line":233,"column":6},"end":{"line":233,"column":24}},"70":{"start":{"line":236,"column":6},"end":{"line":236,"column":23}},"71":{"start":{"line":240,"column":0},"end":{"line":255,"column":2}},"72":{"start":{"line":241,"column":16},"end":{"line":246,"column":3}},"73":{"start":{"line":247,"column":2},"end":{"line":254,"column":7}},"74":{"start":{"line":250,"column":6},"end":{"line":250,"column":24}},"75":{"start":{"line":253,"column":6},"end":{"line":253,"column":23}},"76":{"start":{"line":257,"column":0},"end":{"line":272,"column":2}},"77":{"start":{"line":258,"column":16},"end":{"line":263,"column":3}},"78":{"start":{"line":264,"column":2},"end":{"line":271,"column":7}},"79":{"start":{"line":267,"column":6},"end":{"line":267,"column":24}},"80":{"start":{"line":270,"column":6},"end":{"line":270,"column":23}},"81":{"start":{"line":274,"column":0},"end":{"line":289,"column":2}},"82":{"start":{"line":275,"column":16},"end":{"line":280,"column":3}},"83":{"start":{"line":281,"column":2},"end":{"line":288,"column":7}},"84":{"start":{"line":284,"column":6},"end":{"line":284,"column":24}},"85":{"start":{"line":287,"column":6},"end":{"line":287,"column":23}},"86":{"start":{"line":291,"column":0},"end":{"line":301,"column":2}},"87":{"start":{"line":292,"column":16},"end":{"line":292,"column":43}},"88":{"start":{"line":293,"column":2},"end":{"line":300,"column":7}},"89":{"start":{"line":296,"column":6},"end":{"line":296,"column":24}},"90":{"start":{"line":299,"column":6},"end":{"line":299,"column":23}},"91":{"start":{"line":303,"column":0},"end":{"line":313,"column":2}},"92":{"start":{"line":304,"column":16},"end":{"line":304,"column":42}},"93":{"start":{"line":305,"column":2},"end":{"line":312,"column":7}},"94":{"start":{"line":308,"column":6},"end":{"line":308,"column":24}},"95":{"start":{"line":311,"column":6},"end":{"line":311,"column":23}},"96":{"start":{"line":315,"column":0},"end":{"line":329,"column":2}},"97":{"start":{"line":316,"column":16},"end":{"line":320,"column":3}},"98":{"start":{"line":321,"column":2},"end":{"line":328,"column":7}},"99":{"start":{"line":324,"column":6},"end":{"line":324,"column":24}},"100":{"start":{"line":327,"column":6},"end":{"line":327,"column":23}},"101":{"start":{"line":331,"column":0},"end":{"line":341,"column":2}},"102":{"start":{"line":332,"column":16},"end":{"line":332,"column":42}},"103":{"start":{"line":333,"column":2},"end":{"line":340,"column":7}},"104":{"start":{"line":336,"column":6},"end":{"line":336,"column":24}},"105":{"start":{"line":339,"column":6},"end":{"line":339,"column":23}}},"fnMap":{"0":{"name":"(anonymous_0)","decl":{"start":{"line":3,"column":28},"end":{"line":3,"column":29}},"loc":{"start":{"line":3,"column":48},"end":{"line":19,"column":1}},"line":3},"1":{"name":"(anonymous_1)","decl":{"start":{"line":13,"column":10},"end":{"line":13,"column":11}},"loc":{"start":{"line":13,"column":23},"end":{"line":15,"column":5}},"line":13},"2":{"name":"(anonymous_2)","decl":{"start":{"line":16,"column":11},"end":{"line":16,"column":12}},"loc":{"start":{"line":16,"column":23},"end":{"line":18,"column":5}},"line":16},"3":{"name":"(anonymous_3)","decl":{"start":{"line":21,"column":29},"end":{"line":21,"column":30}},"loc":{"start":{"line":21,"column":49},"end":{"line":36,"column":1}},"line":21},"4":{"name":"(anonymous_4)","decl":{"start":{"line":30,"column":10},"end":{"line":30,"column":11}},"loc":{"start":{"line":30,"column":23},"end":{"line":32,"column":5}},"line":30},"5":{"name":"(anonymous_5)","decl":{"start":{"line":33,"column":11},"end":{"line":33,"column":12}},"loc":{"start":{"line":33,"column":23},"end":{"line":35,"column":5}},"line":33},"6":{"name":"(anonymous_6)","decl":{"start":{"line":38,"column":35},"end":{"line":38,"column":36}},"loc":{"start":{"line":38,"column":55},"end":{"line":54,"column":1}},"line":38},"7":{"name":"(anonymous_7)","decl":{"start":{"line":48,"column":10},"end":{"line":48,"column":11}},"loc":{"start":{"line":48,"column":23},"end":{"line":50,"column":5}},"line":48},"8":{"name":"(anonymous_8)","decl":{"start":{"line":51,"column":11},"end":{"line":51,"column":12}},"loc":{"start":{"line":51,"column":23},"end":{"line":53,"column":5}},"line":51},"9":{"name":"(anonymous_9)","decl":{"start":{"line":56,"column":32},"end":{"line":56,"column":33}},"loc":{"start":{"line":56,"column":52},"end":{"line":72,"column":1}},"line":56},"10":{"name":"(anonymous_10)","decl":{"start":{"line":66,"column":10},"end":{"line":66,"column":11}},"loc":{"start":{"line":66,"column":23},"end":{"line":68,"column":5}},"line":66},"11":{"name":"(anonymous_11)","decl":{"start":{"line":69,"column":11},"end":{"line":69,"column":12}},"loc":{"start":{"line":69,"column":23},"end":{"line":71,"column":5}},"line":69},"12":{"name":"(anonymous_12)","decl":{"start":{"line":74,"column":28},"end":{"line":74,"column":29}},"loc":{"start":{"line":74,"column":48},"end":{"line":90,"column":1}},"line":74},"13":{"name":"(anonymous_13)","decl":{"start":{"line":84,"column":10},"end":{"line":84,"column":11}},"loc":{"start":{"line":84,"column":23},"end":{"line":86,"column":5}},"line":84},"14":{"name":"(anonymous_14)","decl":{"start":{"line":87,"column":11},"end":{"line":87,"column":12}},"loc":{"start":{"line":87,"column":23},"end":{"line":89,"column":5}},"line":87},"15":{"name":"(anonymous_15)","decl":{"start":{"line":92,"column":22},"end":{"line":92,"column":23}},"loc":{"start":{"line":92,"column":42},"end":{"line":107,"column":1}},"line":92},"16":{"name":"(anonymous_16)","decl":{"start":{"line":101,"column":10},"end":{"line":101,"column":11}},"loc":{"start":{"line":101,"column":23},"end":{"line":103,"column":5}},"line":101},"17":{"name":"(anonymous_17)","decl":{"start":{"line":104,"column":11},"end":{"line":104,"column":12}},"loc":{"start":{"line":104,"column":23},"end":{"line":106,"column":5}},"line":104},"18":{"name":"(anonymous_18)","decl":{"start":{"line":109,"column":27},"end":{"line":109,"column":28}},"loc":{"start":{"line":109,"column":47},"end":{"line":124,"column":1}},"line":109},"19":{"name":"(anonymous_19)","decl":{"start":{"line":118,"column":10},"end":{"line":118,"column":11}},"loc":{"start":{"line":118,"column":23},"end":{"line":120,"column":5}},"line":118},"20":{"name":"(anonymous_20)","decl":{"start":{"line":121,"column":11},"end":{"line":121,"column":12}},"loc":{"start":{"line":121,"column":23},"end":{"line":123,"column":5}},"line":121},"21":{"name":"(anonymous_21)","decl":{"start":{"line":126,"column":25},"end":{"line":126,"column":26}},"loc":{"start":{"line":126,"column":45},"end":{"line":141,"column":1}},"line":126},"22":{"name":"(anonymous_22)","decl":{"start":{"line":135,"column":10},"end":{"line":135,"column":11}},"loc":{"start":{"line":135,"column":23},"end":{"line":137,"column":5}},"line":135},"23":{"name":"(anonymous_23)","decl":{"start":{"line":138,"column":11},"end":{"line":138,"column":12}},"loc":{"start":{"line":138,"column":23},"end":{"line":140,"column":5}},"line":138},"24":{"name":"(anonymous_24)","decl":{"start":{"line":143,"column":29},"end":{"line":143,"column":30}},"loc":{"start":{"line":143,"column":49},"end":{"line":158,"column":1}},"line":143},"25":{"name":"(anonymous_25)","decl":{"start":{"line":152,"column":10},"end":{"line":152,"column":11}},"loc":{"start":{"line":152,"column":23},"end":{"line":154,"column":5}},"line":152},"26":{"name":"(anonymous_26)","decl":{"start":{"line":155,"column":11},"end":{"line":155,"column":12}},"loc":{"start":{"line":155,"column":23},"end":{"line":157,"column":5}},"line":155},"27":{"name":"(anonymous_27)","decl":{"start":{"line":160,"column":32},"end":{"line":160,"column":33}},"loc":{"start":{"line":160,"column":52},"end":{"line":175,"column":1}},"line":160},"28":{"name":"(anonymous_28)","decl":{"start":{"line":169,"column":10},"end":{"line":169,"column":11}},"loc":{"start":{"line":169,"column":23},"end":{"line":171,"column":5}},"line":169},"29":{"name":"(anonymous_29)","decl":{"start":{"line":172,"column":11},"end":{"line":172,"column":12}},"loc":{"start":{"line":172,"column":23},"end":{"line":174,"column":5}},"line":172},"30":{"name":"(anonymous_30)","decl":{"start":{"line":177,"column":20},"end":{"line":177,"column":21}},"loc":{"start":{"line":177,"column":40},"end":{"line":187,"column":1}},"line":177},"31":{"name":"(anonymous_31)","decl":{"start":{"line":181,"column":10},"end":{"line":181,"column":11}},"loc":{"start":{"line":181,"column":23},"end":{"line":183,"column":5}},"line":181},"32":{"name":"(anonymous_32)","decl":{"start":{"line":184,"column":11},"end":{"line":184,"column":12}},"loc":{"start":{"line":184,"column":23},"end":{"line":186,"column":5}},"line":184},"33":{"name":"(anonymous_33)","decl":{"start":{"line":189,"column":30},"end":{"line":189,"column":31}},"loc":{"start":{"line":189,"column":50},"end":{"line":204,"column":1}},"line":189},"34":{"name":"(anonymous_34)","decl":{"start":{"line":198,"column":10},"end":{"line":198,"column":11}},"loc":{"start":{"line":198,"column":23},"end":{"line":200,"column":5}},"line":198},"35":{"name":"(anonymous_35)","decl":{"start":{"line":201,"column":11},"end":{"line":201,"column":12}},"loc":{"start":{"line":201,"column":23},"end":{"line":203,"column":5}},"line":201},"36":{"name":"(anonymous_36)","decl":{"start":{"line":206,"column":33},"end":{"line":206,"column":34}},"loc":{"start":{"line":206,"column":53},"end":{"line":221,"column":1}},"line":206},"37":{"name":"(anonymous_37)","decl":{"start":{"line":215,"column":10},"end":{"line":215,"column":11}},"loc":{"start":{"line":215,"column":23},"end":{"line":217,"column":5}},"line":215},"38":{"name":"(anonymous_38)","decl":{"start":{"line":218,"column":11},"end":{"line":218,"column":12}},"loc":{"start":{"line":218,"column":23},"end":{"line":220,"column":5}},"line":218},"39":{"name":"(anonymous_39)","decl":{"start":{"line":223,"column":32},"end":{"line":223,"column":33}},"loc":{"start":{"line":223,"column":52},"end":{"line":238,"column":1}},"line":223},"40":{"name":"(anonymous_40)","decl":{"start":{"line":232,"column":10},"end":{"line":232,"column":11}},"loc":{"start":{"line":232,"column":23},"end":{"line":234,"column":5}},"line":232},"41":{"name":"(anonymous_41)","decl":{"start":{"line":235,"column":11},"end":{"line":235,"column":12}},"loc":{"start":{"line":235,"column":23},"end":{"line":237,"column":5}},"line":235},"42":{"name":"(anonymous_42)","decl":{"start":{"line":240,"column":32},"end":{"line":240,"column":33}},"loc":{"start":{"line":240,"column":52},"end":{"line":255,"column":1}},"line":240},"43":{"name":"(anonymous_43)","decl":{"start":{"line":249,"column":10},"end":{"line":249,"column":11}},"loc":{"start":{"line":249,"column":23},"end":{"line":251,"column":5}},"line":249},"44":{"name":"(anonymous_44)","decl":{"start":{"line":252,"column":11},"end":{"line":252,"column":12}},"loc":{"start":{"line":252,"column":23},"end":{"line":254,"column":5}},"line":252},"45":{"name":"(anonymous_45)","decl":{"start":{"line":257,"column":31},"end":{"line":257,"column":32}},"loc":{"start":{"line":257,"column":51},"end":{"line":272,"column":1}},"line":257},"46":{"name":"(anonymous_46)","decl":{"start":{"line":266,"column":10},"end":{"line":266,"column":11}},"loc":{"start":{"line":266,"column":23},"end":{"line":268,"column":5}},"line":266},"47":{"name":"(anonymous_47)","decl":{"start":{"line":269,"column":11},"end":{"line":269,"column":12}},"loc":{"start":{"line":269,"column":23},"end":{"line":271,"column":5}},"line":269},"48":{"name":"(anonymous_48)","decl":{"start":{"line":274,"column":35},"end":{"line":274,"column":36}},"loc":{"start":{"line":274,"column":55},"end":{"line":289,"column":1}},"line":274},"49":{"name":"(anonymous_49)","decl":{"start":{"line":283,"column":10},"end":{"line":283,"column":11}},"loc":{"start":{"line":283,"column":23},"end":{"line":285,"column":5}},"line":283},"50":{"name":"(anonymous_50)","decl":{"start":{"line":286,"column":11},"end":{"line":286,"column":12}},"loc":{"start":{"line":286,"column":23},"end":{"line":288,"column":5}},"line":286},"51":{"name":"(anonymous_51)","decl":{"start":{"line":291,"column":18},"end":{"line":291,"column":19}},"loc":{"start":{"line":291,"column":38},"end":{"line":301,"column":1}},"line":291},"52":{"name":"(anonymous_52)","decl":{"start":{"line":295,"column":10},"end":{"line":295,"column":11}},"loc":{"start":{"line":295,"column":23},"end":{"line":297,"column":5}},"line":295},"53":{"name":"(anonymous_53)","decl":{"start":{"line":298,"column":11},"end":{"line":298,"column":12}},"loc":{"start":{"line":298,"column":23},"end":{"line":300,"column":5}},"line":298},"54":{"name":"(anonymous_54)","decl":{"start":{"line":303,"column":20},"end":{"line":303,"column":21}},"loc":{"start":{"line":303,"column":40},"end":{"line":313,"column":1}},"line":303},"55":{"name":"(anonymous_55)","decl":{"start":{"line":307,"column":10},"end":{"line":307,"column":11}},"loc":{"start":{"line":307,"column":23},"end":{"line":309,"column":5}},"line":307},"56":{"name":"(anonymous_56)","decl":{"start":{"line":310,"column":11},"end":{"line":310,"column":12}},"loc":{"start":{"line":310,"column":23},"end":{"line":312,"column":5}},"line":310},"57":{"name":"(anonymous_57)","decl":{"start":{"line":315,"column":24},"end":{"line":315,"column":25}},"loc":{"start":{"line":315,"column":44},"end":{"line":329,"column":1}},"line":315},"58":{"name":"(anonymous_58)","decl":{"start":{"line":323,"column":10},"end":{"line":323,"column":11}},"loc":{"start":{"line":323,"column":23},"end":{"line":325,"column":5}},"line":323},"59":{"name":"(anonymous_59)","decl":{"start":{"line":326,"column":11},"end":{"line":326,"column":12}},"loc":{"start":{"line":326,"column":23},"end":{"line":328,"column":5}},"line":326},"60":{"name":"(anonymous_60)","decl":{"start":{"line":331,"column":27},"end":{"line":331,"column":28}},"loc":{"start":{"line":331,"column":47},"end":{"line":341,"column":1}},"line":331},"61":{"name":"(anonymous_61)","decl":{"start":{"line":335,"column":10},"end":{"line":335,"column":11}},"loc":{"start":{"line":335,"column":23},"end":{"line":337,"column":5}},"line":335},"62":{"name":"(anonymous_62)","decl":{"start":{"line":338,"column":11},"end":{"line":338,"column":12}},"loc":{"start":{"line":338,"column":23},"end":{"line":340,"column":5}},"line":338}},"branchMap":{},"s":{"0":1,"1":1,"2":0,"3":0,"4":0,"5":0,"6":1,"7":0,"8":0,"9":0,"10":0,"11":1,"12":0,"13":0,"14":0,"15":0,"16":1,"17":0,"18":0,"19":0,"20":0,"21":1,"22":0,"23":0,"24":0,"25":0,"26":1,"27":0,"28":0,"29":0,"30":0,"31":1,"32":0,"33":0,"34":0,"35":0,"36":1,"37":0,"38":0,"39":0,"40":0,"41":1,"42":0,"43":0,"44":0,"45":0,"46":1,"47":0,"48":0,"49":0,"50":0,"51":1,"52":0,"53":0,"54":0,"55":0,"56":1,"57":0,"58":0,"59":0,"60":0,"61":1,"62":0,"63":0,"64":0,"65":0,"66":1,"67":0,"68":0,"69":0,"70":0,"71":1,"72":0,"73":0,"74":0,"75":0,"76":1,"77":0,"78":0,"79":0,"80":0,"81":1,"82":0,"83":0,"84":0,"85":0,"86":1,"87":0,"88":0,"89":0,"90":0,"91":1,"92":0,"93":0,"94":0,"95":0,"96":1,"97":0,"98":0,"99":0,"100":0,"101":1,"102":0,"103":0,"104":0,"105":0},"f":{"0":0,"1":0,"2":0,"3":0,"4":0,"5":0,"6":0,"7":0,"8":0,"9":0,"10":0,"11":0,"12":0,"13":0,"14":0,"15":0,"16":0,"17":0,"18":0,"19":0,"20":0,"21":0,"22":0,"23":0,"24":0,"25":0,"26":0,"27":0,"28":0,"29":0,"30":0,"31":0,"32":0,"33":0,"34":0,"35":0,"36":0,"37":0,"38":0,"39":0,"40":0,"41":0,"42":0,"43":0,"44":0,"45":0,"46":0,"47":0,"48":0,"49":0,"50":0,"51":0,"52":0,"53":0,"54":0,"55":0,"56":0,"57":0,"58":0,"59":0,"60":0,"61":0,"62":0},"b":{},"_coverageSchema":"1a1c01bbd47fc00a2c39e90264f33305004495a9","hash":"9d9b544dad0814bb95e23ae2fb30a3efa652d59d"}
,"/Users/jordan/Desktop/Dev/automatedBalance-backend/models/Balance.js": {"path":"/Users/jordan/Desktop/Dev/automatedBalance-backend/models/Balance.js","statementMap":{"0":{"start":{"line":1,"column":13},"end":{"line":1,"column":29}},"1":{"start":{"line":2,"column":16},"end":{"line":2,"column":41}},"2":{"start":{"line":3,"column":12},"end":{"line":5,"column":2}},"3":{"start":{"line":7,"column":15},"end":{"line":15,"column":1}},"4":{"start":{"line":17,"column":14},"end":{"line":17,"column":25}},"5":{"start":{"line":19,"column":14},"end":{"line":34,"column":1}},"6":{"start":{"line":25,"column":2},"end":{"line":25,"column":19}},"7":{"start":{"line":26,"column":2},"end":{"line":26,"column":19}},"8":{"start":{"line":27,"column":2},"end":{"line":27,"column":41}},"9":{"start":{"line":28,"column":2},"end":{"line":28,"column":47}},"10":{"start":{"line":29,"column":2},"end":{"line":29,"column":39}},"11":{"start":{"line":30,"column":2},"end":{"line":33,"column":3}},"12":{"start":{"line":31,"column":4},"end":{"line":31,"column":51}},"13":{"start":{"line":32,"column":4},"end":{"line":32,"column":50}},"14":{"start":{"line":36,"column":0},"end":{"line":38,"column":2}},"15":{"start":{"line":37,"column":2},"end":{"line":37,"column":72}},"16":{"start":{"line":40,"column":0},"end":{"line":79,"column":2}},"17":{"start":{"line":41,"column":2},"end":{"line":78,"column":5}},"18":{"start":{"line":42,"column":4},"end":{"line":77,"column":5}},"19":{"start":{"line":48,"column":24},"end":{"line":72,"column":53}},"20":{"start":{"line":74,"column":6},"end":{"line":74,"column":32}},"21":{"start":{"line":76,"column":6},"end":{"line":76,"column":15}},"22":{"start":{"line":81,"column":0},"end":{"line":155,"column":2}},"23":{"start":{"line":82,"column":2},"end":{"line":82,"column":77}},"24":{"start":{"line":82,"column":67},"end":{"line":82,"column":77}},"25":{"start":{"line":84,"column":29},"end":{"line":84,"column":31}},"26":{"start":{"line":85,"column":21},"end":{"line":85,"column":23}},"27":{"start":{"line":86,"column":22},"end":{"line":86,"column":24}},"28":{"start":{"line":87,"column":25},"end":{"line":87,"column":27}},"29":{"start":{"line":89,"column":2},"end":{"line":89,"column":44}},"30":{"start":{"line":90,"column":2},"end":{"line":90,"column":44}},"31":{"start":{"line":91,"column":2},"end":{"line":91,"column":33}},"32":{"start":{"line":92,"column":2},"end":{"line":92,"column":35}},"33":{"start":{"line":93,"column":2},"end":{"line":93,"column":46}},"34":{"start":{"line":94,"column":2},"end":{"line":94,"column":58}},"35":{"start":{"line":95,"column":2},"end":{"line":95,"column":46}},"36":{"start":{"line":96,"column":2},"end":{"line":96,"column":42}},"37":{"start":{"line":97,"column":2},"end":{"line":97,"column":43}},"38":{"start":{"line":98,"column":2},"end":{"line":98,"column":41}},"39":{"start":{"line":100,"column":2},"end":{"line":127,"column":3}},"40":{"start":{"line":100,"column":15},"end":{"line":100,"column":16}},"41":{"start":{"line":101,"column":4},"end":{"line":101,"column":66}},"42":{"start":{"line":102,"column":4},"end":{"line":102,"column":69}},"43":{"start":{"line":104,"column":28},"end":{"line":104,"column":30}},"44":{"start":{"line":105,"column":4},"end":{"line":105,"column":57}},"45":{"start":{"line":106,"column":4},"end":{"line":106,"column":55}},"46":{"start":{"line":108,"column":4},"end":{"line":124,"column":5}},"47":{"start":{"line":108,"column":17},"end":{"line":108,"column":18}},"48":{"start":{"line":109,"column":17},"end":{"line":109,"column":32}},"49":{"start":{"line":110,"column":18},"end":{"line":110,"column":34}},"50":{"start":{"line":111,"column":6},"end":{"line":111,"column":38}},"51":{"start":{"line":114,"column":6},"end":{"line":114,"column":53}},"52":{"start":{"line":115,"column":6},"end":{"line":115,"column":53}},"53":{"start":{"line":116,"column":6},"end":{"line":116,"column":42}},"54":{"start":{"line":117,"column":6},"end":{"line":117,"column":44}},"55":{"start":{"line":118,"column":6},"end":{"line":118,"column":55}},"56":{"start":{"line":119,"column":6},"end":{"line":119,"column":67}},"57":{"start":{"line":120,"column":6},"end":{"line":120,"column":55}},"58":{"start":{"line":121,"column":6},"end":{"line":121,"column":51}},"59":{"start":{"line":122,"column":6},"end":{"line":122,"column":52}},"60":{"start":{"line":123,"column":6},"end":{"line":123,"column":50}},"61":{"start":{"line":126,"column":4},"end":{"line":126,"column":49}},"62":{"start":{"line":129,"column":2},"end":{"line":133,"column":4}},"63":{"start":{"line":135,"column":18},"end":{"line":137,"column":4}},"64":{"start":{"line":136,"column":4},"end":{"line":136,"column":65}},"65":{"start":{"line":139,"column":29},"end":{"line":139,"column":51}},"66":{"start":{"line":140,"column":26},"end":{"line":140,"column":48}},"67":{"start":{"line":142,"column":28},"end":{"line":142,"column":79}},"68":{"start":{"line":145,"column":24},"end":{"line":152,"column":3}},"69":{"start":{"line":154,"column":2},"end":{"line":154,"column":23}},"70":{"start":{"line":157,"column":0},"end":{"line":235,"column":2}},"71":{"start":{"line":162,"column":2},"end":{"line":220,"column":5}},"72":{"start":{"line":163,"column":4},"end":{"line":219,"column":5}},"73":{"start":{"line":164,"column":6},"end":{"line":170,"column":9}},"74":{"start":{"line":165,"column":8},"end":{"line":169,"column":60}},"75":{"start":{"line":171,"column":11},"end":{"line":219,"column":5}},"76":{"start":{"line":172,"column":6},"end":{"line":175,"column":9}},"77":{"start":{"line":173,"column":8},"end":{"line":174,"column":66}},"78":{"start":{"line":176,"column":11},"end":{"line":219,"column":5}},"79":{"start":{"line":177,"column":6},"end":{"line":185,"column":9}},"80":{"start":{"line":178,"column":8},"end":{"line":184,"column":9}},"81":{"start":{"line":179,"column":10},"end":{"line":180,"column":70}},"82":{"start":{"line":182,"column":10},"end":{"line":183,"column":59}},"83":{"start":{"line":186,"column":11},"end":{"line":219,"column":5}},"84":{"start":{"line":190,"column":6},"end":{"line":207,"column":9}},"85":{"start":{"line":191,"column":8},"end":{"line":206,"column":9}},"86":{"start":{"line":192,"column":10},"end":{"line":193,"column":70}},"87":{"start":{"line":194,"column":10},"end":{"line":197,"column":11}},"88":{"start":{"line":195,"column":12},"end":{"line":196,"column":69}},"89":{"start":{"line":199,"column":10},"end":{"line":200,"column":59}},"90":{"start":{"line":202,"column":10},"end":{"line":205,"column":11}},"91":{"start":{"line":203,"column":12},"end":{"line":204,"column":58}},"92":{"start":{"line":208,"column":11},"end":{"line":219,"column":5}},"93":{"start":{"line":209,"column":6},"end":{"line":218,"column":9}},"94":{"start":{"line":210,"column":8},"end":{"line":217,"column":9}},"95":{"start":{"line":211,"column":10},"end":{"line":213,"column":25}},"96":{"start":{"line":215,"column":10},"end":{"line":216,"column":71}},"97":{"start":{"line":222,"column":2},"end":{"line":232,"column":5}},"98":{"start":{"line":223,"column":4},"end":{"line":225,"column":47}},"99":{"start":{"line":226,"column":4},"end":{"line":229,"column":61}},"100":{"start":{"line":230,"column":4},"end":{"line":231,"column":70}},"101":{"start":{"line":234,"column":2},"end":{"line":234,"column":26}},"102":{"start":{"line":237,"column":0},"end":{"line":290,"column":2}},"103":{"start":{"line":238,"column":26},"end":{"line":238,"column":28}},"104":{"start":{"line":241,"column":19},"end":{"line":241,"column":21}},"105":{"start":{"line":242,"column":21},"end":{"line":242,"column":23}},"106":{"start":{"line":243,"column":22},"end":{"line":243,"column":24}},"107":{"start":{"line":244,"column":19},"end":{"line":244,"column":21}},"108":{"start":{"line":245,"column":20},"end":{"line":245,"column":22}},"109":{"start":{"line":247,"column":2},"end":{"line":280,"column":3}},"110":{"start":{"line":247,"column":15},"end":{"line":247,"column":31}},"111":{"start":{"line":248,"column":4},"end":{"line":279,"column":5}},"112":{"start":{"line":250,"column":6},"end":{"line":252,"column":47}},"113":{"start":{"line":253,"column":6},"end":{"line":253,"column":67}},"114":{"start":{"line":254,"column":6},"end":{"line":255,"column":64}},"115":{"start":{"line":258,"column":6},"end":{"line":266,"column":11}},"116":{"start":{"line":259,"column":20},"end":{"line":259,"column":52}},"117":{"start":{"line":260,"column":20},"end":{"line":260,"column":56}},"118":{"start":{"line":261,"column":20},"end":{"line":261,"column":49}},"119":{"start":{"line":262,"column":20},"end":{"line":262,"column":53}},"120":{"start":{"line":264,"column":8},"end":{"line":264,"column":65}},"121":{"start":{"line":265,"column":8},"end":{"line":265,"column":78}},"122":{"start":{"line":270,"column":6},"end":{"line":272,"column":47}},"123":{"start":{"line":273,"column":6},"end":{"line":273,"column":67}},"124":{"start":{"line":274,"column":6},"end":{"line":275,"column":64}},"125":{"start":{"line":277,"column":6},"end":{"line":277,"column":32}},"126":{"start":{"line":278,"column":6},"end":{"line":278,"column":76}},"127":{"start":{"line":281,"column":2},"end":{"line":281,"column":44}},"128":{"start":{"line":282,"column":2},"end":{"line":282,"column":48}},"129":{"start":{"line":283,"column":2},"end":{"line":283,"column":50}},"130":{"start":{"line":284,"column":2},"end":{"line":284,"column":44}},"131":{"start":{"line":285,"column":2},"end":{"line":285,"column":46}},"132":{"start":{"line":289,"column":2},"end":{"line":289,"column":27}},"133":{"start":{"line":292,"column":0},"end":{"line":308,"column":2}},"134":{"start":{"line":293,"column":2},"end":{"line":307,"column":5}},"135":{"start":{"line":294,"column":4},"end":{"line":306,"column":5}},"136":{"start":{"line":295,"column":25},"end":{"line":301,"column":7}},"137":{"start":{"line":302,"column":25},"end":{"line":302,"column":65}},"138":{"start":{"line":303,"column":6},"end":{"line":303,"column":26}},"139":{"start":{"line":305,"column":6},"end":{"line":305,"column":15}},"140":{"start":{"line":310,"column":0},"end":{"line":324,"column":2}},"141":{"start":{"line":311,"column":2},"end":{"line":323,"column":5}},"142":{"start":{"line":312,"column":4},"end":{"line":322,"column":5}},"143":{"start":{"line":313,"column":33},"end":{"line":318,"column":7}},"144":{"start":{"line":319,"column":6},"end":{"line":319,"column":39}},"145":{"start":{"line":321,"column":6},"end":{"line":321,"column":15}},"146":{"start":{"line":326,"column":0},"end":{"line":340,"column":2}},"147":{"start":{"line":327,"column":2},"end":{"line":339,"column":5}},"148":{"start":{"line":328,"column":4},"end":{"line":338,"column":5}},"149":{"start":{"line":329,"column":30},"end":{"line":334,"column":7}},"150":{"start":{"line":335,"column":6},"end":{"line":335,"column":36}},"151":{"start":{"line":337,"column":6},"end":{"line":337,"column":15}},"152":{"start":{"line":342,"column":0},"end":{"line":344,"column":2}},"153":{"start":{"line":343,"column":2},"end":{"line":343,"column":43}},"154":{"start":{"line":343,"column":33},"end":{"line":343,"column":43}},"155":{"start":{"line":346,"column":0},"end":{"line":361,"column":2}},"156":{"start":{"line":347,"column":2},"end":{"line":360,"column":5}},"157":{"start":{"line":348,"column":4},"end":{"line":359,"column":5}},"158":{"start":{"line":349,"column":27},"end":{"line":355,"column":85}},"159":{"start":{"line":356,"column":6},"end":{"line":356,"column":33}},"160":{"start":{"line":358,"column":6},"end":{"line":358,"column":15}},"161":{"start":{"line":363,"column":0},"end":{"line":377,"column":2}},"162":{"start":{"line":364,"column":2},"end":{"line":376,"column":5}},"163":{"start":{"line":365,"column":4},"end":{"line":375,"column":5}},"164":{"start":{"line":366,"column":20},"end":{"line":371,"column":7}},"165":{"start":{"line":372,"column":6},"end":{"line":372,"column":26}},"166":{"start":{"line":374,"column":6},"end":{"line":374,"column":15}},"167":{"start":{"line":379,"column":0},"end":{"line":392,"column":2}},"168":{"start":{"line":380,"column":2},"end":{"line":391,"column":5}},"169":{"start":{"line":381,"column":4},"end":{"line":390,"column":5}},"170":{"start":{"line":383,"column":8},"end":{"line":386,"column":33}},"171":{"start":{"line":387,"column":6},"end":{"line":387,"column":31}},"172":{"start":{"line":389,"column":6},"end":{"line":389,"column":15}},"173":{"start":{"line":394,"column":0},"end":{"line":406,"column":2}},"174":{"start":{"line":395,"column":2},"end":{"line":405,"column":5}},"175":{"start":{"line":396,"column":4},"end":{"line":404,"column":5}},"176":{"start":{"line":398,"column":8},"end":{"line":400,"column":79}},"177":{"start":{"line":401,"column":6},"end":{"line":401,"column":29}},"178":{"start":{"line":403,"column":6},"end":{"line":403,"column":15}},"179":{"start":{"line":408,"column":0},"end":{"line":436,"column":2}},"180":{"start":{"line":409,"column":2},"end":{"line":435,"column":5}},"181":{"start":{"line":410,"column":4},"end":{"line":434,"column":5}},"182":{"start":{"line":411,"column":27},"end":{"line":430,"column":53}},"183":{"start":{"line":431,"column":6},"end":{"line":431,"column":33}},"184":{"start":{"line":433,"column":6},"end":{"line":433,"column":15}},"185":{"start":{"line":438,"column":0},"end":{"line":452,"column":2}},"186":{"start":{"line":439,"column":2},"end":{"line":451,"column":5}},"187":{"start":{"line":440,"column":4},"end":{"line":450,"column":5}},"188":{"start":{"line":442,"column":8},"end":{"line":446,"column":27}},"189":{"start":{"line":447,"column":6},"end":{"line":447,"column":28}},"190":{"start":{"line":449,"column":6},"end":{"line":449,"column":15}},"191":{"start":{"line":454,"column":0},"end":{"line":495,"column":2}},"192":{"start":{"line":455,"column":2},"end":{"line":494,"column":5}},"193":{"start":{"line":456,"column":4},"end":{"line":493,"column":5}},"194":{"start":{"line":457,"column":30},"end":{"line":457,"column":31}},"195":{"start":{"line":458,"column":39},"end":{"line":458,"column":40}},"196":{"start":{"line":459,"column":22},"end":{"line":459,"column":31}},"197":{"start":{"line":461,"column":6},"end":{"line":490,"column":7}},"198":{"start":{"line":463,"column":10},"end":{"line":463,"column":150}},"199":{"start":{"line":465,"column":27},"end":{"line":470,"column":10}},"200":{"start":{"line":471,"column":8},"end":{"line":475,"column":10}},"201":{"start":{"line":477,"column":19},"end":{"line":482,"column":9}},"202":{"start":{"line":483,"column":21},"end":{"line":483,"column":60}},"203":{"start":{"line":484,"column":28},"end":{"line":484,"column":54}},"204":{"start":{"line":485,"column":8},"end":{"line":489,"column":10}},"205":{"start":{"line":492,"column":6},"end":{"line":492,"column":15}},"206":{"start":{"line":497,"column":0},"end":{"line":511,"column":2}},"207":{"start":{"line":498,"column":2},"end":{"line":510,"column":5}},"208":{"start":{"line":499,"column":4},"end":{"line":509,"column":5}},"209":{"start":{"line":500,"column":28},"end":{"line":505,"column":27}},"210":{"start":{"line":506,"column":6},"end":{"line":506,"column":34}},"211":{"start":{"line":508,"column":6},"end":{"line":508,"column":15}},"212":{"start":{"line":513,"column":0},"end":{"line":528,"column":2}},"213":{"start":{"line":514,"column":2},"end":{"line":527,"column":5}},"214":{"start":{"line":515,"column":4},"end":{"line":526,"column":5}},"215":{"start":{"line":516,"column":31},"end":{"line":522,"column":27}},"216":{"start":{"line":523,"column":6},"end":{"line":523,"column":37}},"217":{"start":{"line":525,"column":6},"end":{"line":525,"column":15}},"218":{"start":{"line":530,"column":0},"end":{"line":545,"column":2}},"219":{"start":{"line":531,"column":2},"end":{"line":544,"column":5}},"220":{"start":{"line":532,"column":4},"end":{"line":543,"column":5}},"221":{"start":{"line":533,"column":27},"end":{"line":539,"column":7}},"222":{"start":{"line":540,"column":6},"end":{"line":540,"column":33}},"223":{"start":{"line":542,"column":6},"end":{"line":542,"column":15}},"224":{"start":{"line":547,"column":0},"end":{"line":560,"column":2}},"225":{"start":{"line":548,"column":2},"end":{"line":559,"column":5}},"226":{"start":{"line":549,"column":4},"end":{"line":558,"column":5}},"227":{"start":{"line":551,"column":8},"end":{"line":554,"column":21}},"228":{"start":{"line":555,"column":6},"end":{"line":555,"column":36}},"229":{"start":{"line":557,"column":6},"end":{"line":557,"column":15}},"230":{"start":{"line":562,"column":0},"end":{"line":579,"column":2}},"231":{"start":{"line":563,"column":2},"end":{"line":578,"column":5}},"232":{"start":{"line":564,"column":4},"end":{"line":577,"column":5}},"233":{"start":{"line":566,"column":8},"end":{"line":573,"column":37}},"234":{"start":{"line":574,"column":6},"end":{"line":574,"column":35}},"235":{"start":{"line":576,"column":6},"end":{"line":576,"column":15}},"236":{"start":{"line":581,"column":0},"end":{"line":598,"column":2}},"237":{"start":{"line":582,"column":2},"end":{"line":597,"column":5}},"238":{"start":{"line":583,"column":4},"end":{"line":596,"column":5}},"239":{"start":{"line":584,"column":33},"end":{"line":592,"column":7}},"240":{"start":{"line":593,"column":6},"end":{"line":593,"column":39}},"241":{"start":{"line":595,"column":6},"end":{"line":595,"column":15}},"242":{"start":{"line":600,"column":0},"end":{"line":612,"column":2}},"243":{"start":{"line":601,"column":2},"end":{"line":610,"column":5}},"244":{"start":{"line":602,"column":4},"end":{"line":609,"column":5}},"245":{"start":{"line":603,"column":23},"end":{"line":605,"column":7}},"246":{"start":{"line":606,"column":6},"end":{"line":606,"column":29}},"247":{"start":{"line":608,"column":6},"end":{"line":608,"column":15}},"248":{"start":{"line":611,"column":2},"end":{"line":611,"column":4}},"249":{"start":{"line":614,"column":0},"end":{"line":625,"column":2}},"250":{"start":{"line":615,"column":2},"end":{"line":624,"column":5}},"251":{"start":{"line":616,"column":4},"end":{"line":623,"column":5}},"252":{"start":{"line":617,"column":25},"end":{"line":619,"column":7}},"253":{"start":{"line":620,"column":6},"end":{"line":620,"column":49}},"254":{"start":{"line":622,"column":6},"end":{"line":622,"column":36}},"255":{"start":{"line":627,"column":0},"end":{"line":641,"column":2}},"256":{"start":{"line":628,"column":2},"end":{"line":640,"column":5}},"257":{"start":{"line":629,"column":4},"end":{"line":639,"column":5}},"258":{"start":{"line":630,"column":27},"end":{"line":630,"column":28}},"259":{"start":{"line":631,"column":6},"end":{"line":635,"column":8}},"260":{"start":{"line":636,"column":6},"end":{"line":636,"column":46}},"261":{"start":{"line":638,"column":6},"end":{"line":638,"column":71}},"262":{"start":{"line":643,"column":0},"end":{"line":665,"column":2}},"263":{"start":{"line":644,"column":2},"end":{"line":664,"column":5}},"264":{"start":{"line":645,"column":4},"end":{"line":663,"column":5}},"265":{"start":{"line":646,"column":20},"end":{"line":646,"column":22}},"266":{"start":{"line":647,"column":6},"end":{"line":652,"column":9}},"267":{"start":{"line":648,"column":20},"end":{"line":648,"column":22}},"268":{"start":{"line":649,"column":8},"end":{"line":649,"column":40}},"269":{"start":{"line":650,"column":8},"end":{"line":650,"column":43}},"270":{"start":{"line":651,"column":8},"end":{"line":651,"column":28}},"271":{"start":{"line":653,"column":17},"end":{"line":655,"column":8}},"272":{"start":{"line":657,"column":19},"end":{"line":657,"column":73}},"273":{"start":{"line":658,"column":26},"end":{"line":658,"column":52}},"274":{"start":{"line":660,"column":6},"end":{"line":660,"column":70}},"275":{"start":{"line":662,"column":6},"end":{"line":662,"column":37}},"276":{"start":{"line":667,"column":0},"end":{"line":667,"column":25}}},"fnMap":{"0":{"name":"(anonymous_0)","decl":{"start":{"line":19,"column":14},"end":{"line":19,"column":15}},"loc":{"start":{"line":24,"column":2},"end":{"line":34,"column":1}},"line":24},"1":{"name":"(anonymous_1)","decl":{"start":{"line":36,"column":32},"end":{"line":36,"column":33}},"loc":{"start":{"line":36,"column":44},"end":{"line":38,"column":1}},"line":36},"2":{"name":"(anonymous_2)","decl":{"start":{"line":40,"column":43},"end":{"line":40,"column":44}},"loc":{"start":{"line":40,"column":55},"end":{"line":79,"column":1}},"line":40},"3":{"name":"(anonymous_3)","decl":{"start":{"line":41,"column":21},"end":{"line":41,"column":22}},"loc":{"start":{"line":41,"column":48},"end":{"line":78,"column":3}},"line":41},"4":{"name":"(anonymous_4)","decl":{"start":{"line":81,"column":31},"end":{"line":81,"column":32}},"loc":{"start":{"line":81,"column":57},"end":{"line":155,"column":1}},"line":81},"5":{"name":"(anonymous_5)","decl":{"start":{"line":135,"column":35},"end":{"line":135,"column":36}},"loc":{"start":{"line":135,"column":46},"end":{"line":137,"column":3}},"line":135},"6":{"name":"(anonymous_6)","decl":{"start":{"line":157,"column":38},"end":{"line":157,"column":39}},"loc":{"start":{"line":161,"column":2},"end":{"line":235,"column":1}},"line":161},"7":{"name":"(anonymous_7)","decl":{"start":{"line":162,"column":31},"end":{"line":162,"column":32}},"loc":{"start":{"line":162,"column":42},"end":{"line":220,"column":3}},"line":162},"8":{"name":"(anonymous_8)","decl":{"start":{"line":164,"column":27},"end":{"line":164,"column":28}},"loc":{"start":{"line":164,"column":35},"end":{"line":170,"column":7}},"line":164},"9":{"name":"(anonymous_9)","decl":{"start":{"line":172,"column":27},"end":{"line":172,"column":28}},"loc":{"start":{"line":172,"column":35},"end":{"line":175,"column":7}},"line":172},"10":{"name":"(anonymous_10)","decl":{"start":{"line":177,"column":27},"end":{"line":177,"column":28}},"loc":{"start":{"line":177,"column":35},"end":{"line":185,"column":7}},"line":177},"11":{"name":"(anonymous_11)","decl":{"start":{"line":190,"column":27},"end":{"line":190,"column":28}},"loc":{"start":{"line":190,"column":35},"end":{"line":207,"column":7}},"line":190},"12":{"name":"(anonymous_12)","decl":{"start":{"line":209,"column":27},"end":{"line":209,"column":28}},"loc":{"start":{"line":209,"column":35},"end":{"line":218,"column":7}},"line":209},"13":{"name":"(anonymous_13)","decl":{"start":{"line":222,"column":23},"end":{"line":222,"column":24}},"loc":{"start":{"line":222,"column":31},"end":{"line":232,"column":3}},"line":222},"14":{"name":"(anonymous_14)","decl":{"start":{"line":237,"column":35},"end":{"line":237,"column":36}},"loc":{"start":{"line":237,"column":60},"end":{"line":290,"column":1}},"line":237},"15":{"name":"calcProfitPeriod","decl":{"start":{"line":258,"column":16},"end":{"line":258,"column":32}},"loc":{"start":{"line":258,"column":35},"end":{"line":266,"column":7}},"line":258},"16":{"name":"(anonymous_16)","decl":{"start":{"line":292,"column":38},"end":{"line":292,"column":39}},"loc":{"start":{"line":292,"column":50},"end":{"line":308,"column":1}},"line":292},"17":{"name":"(anonymous_17)","decl":{"start":{"line":293,"column":21},"end":{"line":293,"column":22}},"loc":{"start":{"line":293,"column":48},"end":{"line":307,"column":3}},"line":293},"18":{"name":"(anonymous_18)","decl":{"start":{"line":310,"column":44},"end":{"line":310,"column":45}},"loc":{"start":{"line":310,"column":56},"end":{"line":324,"column":1}},"line":310},"19":{"name":"(anonymous_19)","decl":{"start":{"line":311,"column":21},"end":{"line":311,"column":22}},"loc":{"start":{"line":311,"column":48},"end":{"line":323,"column":3}},"line":311},"20":{"name":"(anonymous_20)","decl":{"start":{"line":326,"column":41},"end":{"line":326,"column":42}},"loc":{"start":{"line":326,"column":53},"end":{"line":340,"column":1}},"line":326},"21":{"name":"(anonymous_21)","decl":{"start":{"line":327,"column":21},"end":{"line":327,"column":22}},"loc":{"start":{"line":327,"column":48},"end":{"line":339,"column":3}},"line":327},"22":{"name":"(anonymous_22)","decl":{"start":{"line":342,"column":33},"end":{"line":342,"column":34}},"loc":{"start":{"line":342,"column":66},"end":{"line":344,"column":1}},"line":342},"23":{"name":"(anonymous_23)","decl":{"start":{"line":346,"column":38},"end":{"line":346,"column":39}},"loc":{"start":{"line":346,"column":50},"end":{"line":361,"column":1}},"line":346},"24":{"name":"(anonymous_24)","decl":{"start":{"line":347,"column":21},"end":{"line":347,"column":22}},"loc":{"start":{"line":347,"column":48},"end":{"line":360,"column":3}},"line":347},"25":{"name":"(anonymous_25)","decl":{"start":{"line":363,"column":31},"end":{"line":363,"column":32}},"loc":{"start":{"line":363,"column":43},"end":{"line":377,"column":1}},"line":363},"26":{"name":"(anonymous_26)","decl":{"start":{"line":364,"column":21},"end":{"line":364,"column":22}},"loc":{"start":{"line":364,"column":48},"end":{"line":376,"column":3}},"line":364},"27":{"name":"(anonymous_27)","decl":{"start":{"line":379,"column":36},"end":{"line":379,"column":37}},"loc":{"start":{"line":379,"column":48},"end":{"line":392,"column":1}},"line":379},"28":{"name":"(anonymous_28)","decl":{"start":{"line":380,"column":21},"end":{"line":380,"column":22}},"loc":{"start":{"line":380,"column":48},"end":{"line":391,"column":3}},"line":380},"29":{"name":"(anonymous_29)","decl":{"start":{"line":394,"column":34},"end":{"line":394,"column":35}},"loc":{"start":{"line":394,"column":46},"end":{"line":406,"column":1}},"line":394},"30":{"name":"(anonymous_30)","decl":{"start":{"line":395,"column":21},"end":{"line":395,"column":22}},"loc":{"start":{"line":395,"column":48},"end":{"line":405,"column":3}},"line":395},"31":{"name":"(anonymous_31)","decl":{"start":{"line":408,"column":38},"end":{"line":408,"column":39}},"loc":{"start":{"line":408,"column":50},"end":{"line":436,"column":1}},"line":408},"32":{"name":"(anonymous_32)","decl":{"start":{"line":409,"column":21},"end":{"line":409,"column":22}},"loc":{"start":{"line":409,"column":48},"end":{"line":435,"column":3}},"line":409},"33":{"name":"(anonymous_33)","decl":{"start":{"line":438,"column":33},"end":{"line":438,"column":34}},"loc":{"start":{"line":438,"column":45},"end":{"line":452,"column":1}},"line":438},"34":{"name":"(anonymous_34)","decl":{"start":{"line":439,"column":21},"end":{"line":439,"column":22}},"loc":{"start":{"line":439,"column":48},"end":{"line":451,"column":3}},"line":439},"35":{"name":"(anonymous_35)","decl":{"start":{"line":454,"column":27},"end":{"line":454,"column":28}},"loc":{"start":{"line":454,"column":39},"end":{"line":495,"column":1}},"line":454},"36":{"name":"(anonymous_36)","decl":{"start":{"line":455,"column":21},"end":{"line":455,"column":22}},"loc":{"start":{"line":455,"column":48},"end":{"line":494,"column":3}},"line":455},"37":{"name":"(anonymous_37)","decl":{"start":{"line":497,"column":39},"end":{"line":497,"column":40}},"loc":{"start":{"line":497,"column":51},"end":{"line":511,"column":1}},"line":497},"38":{"name":"(anonymous_38)","decl":{"start":{"line":498,"column":21},"end":{"line":498,"column":22}},"loc":{"start":{"line":498,"column":48},"end":{"line":510,"column":3}},"line":498},"39":{"name":"(anonymous_39)","decl":{"start":{"line":513,"column":42},"end":{"line":513,"column":43}},"loc":{"start":{"line":513,"column":54},"end":{"line":528,"column":1}},"line":513},"40":{"name":"(anonymous_40)","decl":{"start":{"line":514,"column":21},"end":{"line":514,"column":22}},"loc":{"start":{"line":514,"column":48},"end":{"line":527,"column":3}},"line":514},"41":{"name":"(anonymous_41)","decl":{"start":{"line":530,"column":38},"end":{"line":530,"column":39}},"loc":{"start":{"line":530,"column":50},"end":{"line":545,"column":1}},"line":530},"42":{"name":"(anonymous_42)","decl":{"start":{"line":531,"column":21},"end":{"line":531,"column":22}},"loc":{"start":{"line":531,"column":48},"end":{"line":544,"column":3}},"line":531},"43":{"name":"(anonymous_43)","decl":{"start":{"line":547,"column":41},"end":{"line":547,"column":42}},"loc":{"start":{"line":547,"column":53},"end":{"line":560,"column":1}},"line":547},"44":{"name":"(anonymous_44)","decl":{"start":{"line":548,"column":21},"end":{"line":548,"column":22}},"loc":{"start":{"line":548,"column":48},"end":{"line":559,"column":3}},"line":548},"45":{"name":"(anonymous_45)","decl":{"start":{"line":562,"column":40},"end":{"line":562,"column":41}},"loc":{"start":{"line":562,"column":52},"end":{"line":579,"column":1}},"line":562},"46":{"name":"(anonymous_46)","decl":{"start":{"line":563,"column":21},"end":{"line":563,"column":22}},"loc":{"start":{"line":563,"column":48},"end":{"line":578,"column":3}},"line":563},"47":{"name":"(anonymous_47)","decl":{"start":{"line":581,"column":44},"end":{"line":581,"column":45}},"loc":{"start":{"line":581,"column":56},"end":{"line":598,"column":1}},"line":581},"48":{"name":"(anonymous_48)","decl":{"start":{"line":582,"column":21},"end":{"line":582,"column":22}},"loc":{"start":{"line":582,"column":48},"end":{"line":597,"column":3}},"line":582},"49":{"name":"(anonymous_49)","decl":{"start":{"line":600,"column":25},"end":{"line":600,"column":26}},"loc":{"start":{"line":600,"column":37},"end":{"line":612,"column":1}},"line":600},"50":{"name":"(anonymous_50)","decl":{"start":{"line":601,"column":21},"end":{"line":601,"column":22}},"loc":{"start":{"line":601,"column":48},"end":{"line":610,"column":3}},"line":601},"51":{"name":"(anonymous_51)","decl":{"start":{"line":614,"column":27},"end":{"line":614,"column":28}},"loc":{"start":{"line":614,"column":39},"end":{"line":625,"column":1}},"line":614},"52":{"name":"(anonymous_52)","decl":{"start":{"line":615,"column":21},"end":{"line":615,"column":22}},"loc":{"start":{"line":615,"column":48},"end":{"line":624,"column":3}},"line":615},"53":{"name":"(anonymous_53)","decl":{"start":{"line":627,"column":30},"end":{"line":627,"column":31}},"loc":{"start":{"line":627,"column":42},"end":{"line":641,"column":1}},"line":627},"54":{"name":"(anonymous_54)","decl":{"start":{"line":628,"column":21},"end":{"line":628,"column":22}},"loc":{"start":{"line":628,"column":48},"end":{"line":640,"column":3}},"line":628},"55":{"name":"(anonymous_55)","decl":{"start":{"line":643,"column":27},"end":{"line":643,"column":28}},"loc":{"start":{"line":643,"column":39},"end":{"line":665,"column":1}},"line":643},"56":{"name":"(anonymous_56)","decl":{"start":{"line":644,"column":21},"end":{"line":644,"column":22}},"loc":{"start":{"line":644,"column":48},"end":{"line":664,"column":3}},"line":644},"57":{"name":"(anonymous_57)","decl":{"start":{"line":647,"column":46},"end":{"line":647,"column":47}},"loc":{"start":{"line":647,"column":64},"end":{"line":652,"column":7}},"line":647}},"branchMap":{"0":{"loc":{"start":{"line":30,"column":2},"end":{"line":33,"column":3}},"type":"if","locations":[{"start":{"line":30,"column":2},"end":{"line":33,"column":3}},{"start":{"line":30,"column":2},"end":{"line":33,"column":3}}],"line":30},"1":{"loc":{"start":{"line":82,"column":2},"end":{"line":82,"column":77}},"type":"if","locations":[{"start":{"line":82,"column":2},"end":{"line":82,"column":77}},{"start":{"line":82,"column":2},"end":{"line":82,"column":77}}],"line":82},"2":{"loc":{"start":{"line":82,"column":6},"end":{"line":82,"column":65}},"type":"binary-expr","locations":[{"start":{"line":82,"column":6},"end":{"line":82,"column":21}},{"start":{"line":82,"column":25},"end":{"line":82,"column":65}}],"line":82},"3":{"loc":{"start":{"line":163,"column":4},"end":{"line":219,"column":5}},"type":"if","locations":[{"start":{"line":163,"column":4},"end":{"line":219,"column":5}},{"start":{"line":163,"column":4},"end":{"line":219,"column":5}}],"line":163},"4":{"loc":{"start":{"line":165,"column":8},"end":{"line":169,"column":59}},"type":"cond-expr","locations":[{"start":{"line":166,"column":13},"end":{"line":167,"column":69}},{"start":{"line":168,"column":13},"end":{"line":169,"column":58}}],"line":165},"5":{"loc":{"start":{"line":171,"column":11},"end":{"line":219,"column":5}},"type":"if","locations":[{"start":{"line":171,"column":11},"end":{"line":219,"column":5}},{"start":{"line":171,"column":11},"end":{"line":219,"column":5}}],"line":171},"6":{"loc":{"start":{"line":176,"column":11},"end":{"line":219,"column":5}},"type":"if","locations":[{"start":{"line":176,"column":11},"end":{"line":219,"column":5}},{"start":{"line":176,"column":11},"end":{"line":219,"column":5}}],"line":176},"7":{"loc":{"start":{"line":178,"column":8},"end":{"line":184,"column":9}},"type":"if","locations":[{"start":{"line":178,"column":8},"end":{"line":184,"column":9}},{"start":{"line":178,"column":8},"end":{"line":184,"column":9}}],"line":178},"8":{"loc":{"start":{"line":186,"column":11},"end":{"line":219,"column":5}},"type":"if","locations":[{"start":{"line":186,"column":11},"end":{"line":219,"column":5}},{"start":{"line":186,"column":11},"end":{"line":219,"column":5}}],"line":186},"9":{"loc":{"start":{"line":187,"column":6},"end":{"line":188,"column":34}},"type":"binary-expr","locations":[{"start":{"line":187,"column":6},"end":{"line":187,"column":41}},{"start":{"line":188,"column":6},"end":{"line":188,"column":34}}],"line":187},"10":{"loc":{"start":{"line":191,"column":8},"end":{"line":206,"column":9}},"type":"if","locations":[{"start":{"line":191,"column":8},"end":{"line":206,"column":9}},{"start":{"line":191,"column":8},"end":{"line":206,"column":9}}],"line":191},"11":{"loc":{"start":{"line":194,"column":10},"end":{"line":197,"column":11}},"type":"if","locations":[{"start":{"line":194,"column":10},"end":{"line":197,"column":11}},{"start":{"line":194,"column":10},"end":{"line":197,"column":11}}],"line":194},"12":{"loc":{"start":{"line":202,"column":10},"end":{"line":205,"column":11}},"type":"if","locations":[{"start":{"line":202,"column":10},"end":{"line":205,"column":11}},{"start":{"line":202,"column":10},"end":{"line":205,"column":11}}],"line":202},"13":{"loc":{"start":{"line":208,"column":11},"end":{"line":219,"column":5}},"type":"if","locations":[{"start":{"line":208,"column":11},"end":{"line":219,"column":5}},{"start":{"line":208,"column":11},"end":{"line":219,"column":5}}],"line":208},"14":{"loc":{"start":{"line":210,"column":8},"end":{"line":217,"column":9}},"type":"if","locations":[{"start":{"line":210,"column":8},"end":{"line":217,"column":9}},{"start":{"line":210,"column":8},"end":{"line":217,"column":9}}],"line":210},"15":{"loc":{"start":{"line":248,"column":4},"end":{"line":279,"column":5}},"type":"if","locations":[{"start":{"line":248,"column":4},"end":{"line":279,"column":5}},{"start":{"line":248,"column":4},"end":{"line":279,"column":5}}],"line":248},"16":{"loc":{"start":{"line":343,"column":2},"end":{"line":343,"column":43}},"type":"if","locations":[{"start":{"line":343,"column":2},"end":{"line":343,"column":43}},{"start":{"line":343,"column":2},"end":{"line":343,"column":43}}],"line":343},"17":{"loc":{"start":{"line":343,"column":6},"end":{"line":343,"column":31}},"type":"binary-expr","locations":[{"start":{"line":343,"column":6},"end":{"line":343,"column":17}},{"start":{"line":343,"column":21},"end":{"line":343,"column":31}}],"line":343},"18":{"loc":{"start":{"line":461,"column":6},"end":{"line":490,"column":7}},"type":"if","locations":[{"start":{"line":461,"column":6},"end":{"line":490,"column":7}},{"start":{"line":461,"column":6},"end":{"line":490,"column":7}}],"line":461}},"s":{"0":1,"1":1,"2":1,"3":1,"4":1,"5":1,"6":1,"7":1,"8":1,"9":1,"10":1,"11":1,"12":0,"13":0,"14":1,"15":0,"16":1,"17":0,"18":0,"19":0,"20":0,"21":0,"22":1,"23":0,"24":0,"25":0,"26":0,"27":0,"28":0,"29":0,"30":0,"31":0,"32":0,"33":0,"34":0,"35":0,"36":0,"37":0,"38":0,"39":0,"40":0,"41":0,"42":0,"43":0,"44":0,"45":0,"46":0,"47":0,"48":0,"49":0,"50":0,"51":0,"52":0,"53":0,"54":0,"55":0,"56":0,"57":0,"58":0,"59":0,"60":0,"61":0,"62":0,"63":0,"64":0,"65":0,"66":0,"67":0,"68":0,"69":0,"70":1,"71":0,"72":0,"73":0,"74":0,"75":0,"76":0,"77":0,"78":0,"79":0,"80":0,"81":0,"82":0,"83":0,"84":0,"85":0,"86":0,"87":0,"88":0,"89":0,"90":0,"91":0,"92":0,"93":0,"94":0,"95":0,"96":0,"97":0,"98":0,"99":0,"100":0,"101":0,"102":1,"103":0,"104":0,"105":0,"106":0,"107":0,"108":0,"109":0,"110":0,"111":0,"112":0,"113":0,"114":0,"115":0,"116":0,"117":0,"118":0,"119":0,"120":0,"121":0,"122":0,"123":0,"124":0,"125":0,"126":0,"127":0,"128":0,"129":0,"130":0,"131":0,"132":0,"133":1,"134":0,"135":0,"136":0,"137":0,"138":0,"139":0,"140":1,"141":1,"142":1,"143":1,"144":1,"145":0,"146":1,"147":1,"148":1,"149":1,"150":1,"151":0,"152":1,"153":1,"154":0,"155":1,"156":0,"157":0,"158":0,"159":0,"160":0,"161":1,"162":0,"163":0,"164":0,"165":0,"166":0,"167":1,"168":0,"169":0,"170":0,"171":0,"172":0,"173":1,"174":0,"175":0,"176":0,"177":0,"178":0,"179":1,"180":0,"181":0,"182":0,"183":0,"184":0,"185":1,"186":0,"187":0,"188":0,"189":0,"190":0,"191":1,"192":0,"193":0,"194":0,"195":0,"196":0,"197":0,"198":0,"199":0,"200":0,"201":0,"202":0,"203":0,"204":0,"205":0,"206":1,"207":0,"208":0,"209":0,"210":0,"211":0,"212":1,"213":0,"214":0,"215":0,"216":0,"217":0,"218":1,"219":0,"220":0,"221":0,"222":0,"223":0,"224":1,"225":0,"226":0,"227":0,"228":0,"229":0,"230":1,"231":0,"232":0,"233":0,"234":0,"235":0,"236":1,"237":0,"238":0,"239":0,"240":0,"241":0,"242":1,"243":0,"244":0,"245":0,"246":0,"247":0,"248":0,"249":1,"250":0,"251":0,"252":0,"253":0,"254":0,"255":1,"256":0,"257":0,"258":0,"259":0,"260":0,"261":0,"262":1,"263":0,"264":0,"265":0,"266":0,"267":0,"268":0,"269":0,"270":0,"271":0,"272":0,"273":0,"274":0,"275":0,"276":1},"f":{"0":1,"1":0,"2":0,"3":0,"4":0,"5":0,"6":0,"7":0,"8":0,"9":0,"10":0,"11":0,"12":0,"13":0,"14":0,"15":0,"16":0,"17":0,"18":1,"19":1,"20":1,"21":1,"22":1,"23":0,"24":0,"25":0,"26":0,"27":0,"28":0,"29":0,"30":0,"31":0,"32":0,"33":0,"34":0,"35":0,"36":0,"37":0,"38":0,"39":0,"40":0,"41":0,"42":0,"43":0,"44":0,"45":0,"46":0,"47":0,"48":0,"49":0,"50":0,"51":0,"52":0,"53":0,"54":0,"55":0,"56":0,"57":0},"b":{"0":[0,1],"1":[0,0],"2":[0,0],"3":[0,0],"4":[0,0],"5":[0,0],"6":[0,0],"7":[0,0],"8":[0,0],"9":[0,0],"10":[0,0],"11":[0,0],"12":[0,0],"13":[0,0],"14":[0,0],"15":[0,0],"16":[0,1],"17":[1,0],"18":[0,0]},"_coverageSchema":"1a1c01bbd47fc00a2c39e90264f33305004495a9","hash":"622333385ad595c3c81b9a7042ce036c72f5b9bc"}
}
