TN:
SF:controllers/balanceController.js
FN:3,(anonymous_0)
FN:13,(anonymous_1)
FN:16,(anonymous_2)
FN:21,(anonymous_3)
FN:30,(anonymous_4)
FN:33,(anonymous_5)
FN:38,(anonymous_6)
FN:48,(anonymous_7)
FN:51,(anonymous_8)
FN:56,(anonymous_9)
FN:66,(anonymous_10)
FN:69,(anonymous_11)
FN:74,(anonymous_12)
FN:84,(anonymous_13)
FN:87,(anonymous_14)
FN:92,(anonymous_15)
FN:101,(anonymous_16)
FN:104,(anonymous_17)
FN:109,(anonymous_18)
FN:118,(anonymous_19)
FN:121,(anonymous_20)
FN:126,(anonymous_21)
FN:135,(anonymous_22)
FN:138,(anonymous_23)
FN:143,(anonymous_24)
FN:152,(anonymous_25)
FN:155,(anonymous_26)
FN:160,(anonymous_27)
FN:169,(anonymous_28)
FN:172,(anonymous_29)
FN:177,(anonymous_30)
FN:181,(anonymous_31)
FN:184,(anonymous_32)
FN:189,(anonymous_33)
FN:198,(anonymous_34)
FN:201,(anonymous_35)
FN:206,(anonymous_36)
FN:215,(anonymous_37)
FN:218,(anonymous_38)
FN:223,(anonymous_39)
FN:232,(anonymous_40)
FN:235,(anonymous_41)
FN:240,(anonymous_42)
FN:249,(anonymous_43)
FN:252,(anonymous_44)
FN:257,(anonymous_45)
FN:266,(anonymous_46)
FN:269,(anonymous_47)
FN:274,(anonymous_48)
FN:283,(anonymous_49)
FN:286,(anonymous_50)
FN:291,(anonymous_51)
FN:295,(anonymous_52)
FN:298,(anonymous_53)
FN:303,(anonymous_54)
FN:307,(anonymous_55)
FN:310,(anonymous_56)
FN:315,(anonymous_57)
FN:323,(anonymous_58)
FN:326,(anonymous_59)
FN:331,(anonymous_60)
FN:335,(anonymous_61)
FN:338,(anonymous_62)
FNF:63
FNH:0
FNDA:0,(anonymous_0)
FNDA:0,(anonymous_1)
FNDA:0,(anonymous_2)
FNDA:0,(anonymous_3)
FNDA:0,(anonymous_4)
FNDA:0,(anonymous_5)
FNDA:0,(anonymous_6)
FNDA:0,(anonymous_7)
FNDA:0,(anonymous_8)
FNDA:0,(anonymous_9)
FNDA:0,(anonymous_10)
FNDA:0,(anonymous_11)
FNDA:0,(anonymous_12)
FNDA:0,(anonymous_13)
FNDA:0,(anonymous_14)
FNDA:0,(anonymous_15)
FNDA:0,(anonymous_16)
FNDA:0,(anonymous_17)
FNDA:0,(anonymous_18)
FNDA:0,(anonymous_19)
FNDA:0,(anonymous_20)
FNDA:0,(anonymous_21)
FNDA:0,(anonymous_22)
FNDA:0,(anonymous_23)
FNDA:0,(anonymous_24)
FNDA:0,(anonymous_25)
FNDA:0,(anonymous_26)
FNDA:0,(anonymous_27)
FNDA:0,(anonymous_28)
FNDA:0,(anonymous_29)
FNDA:0,(anonymous_30)
FNDA:0,(anonymous_31)
FNDA:0,(anonymous_32)
FNDA:0,(anonymous_33)
FNDA:0,(anonymous_34)
FNDA:0,(anonymous_35)
FNDA:0,(anonymous_36)
FNDA:0,(anonymous_37)
FNDA:0,(anonymous_38)
FNDA:0,(anonymous_39)
FNDA:0,(anonymous_40)
FNDA:0,(anonymous_41)
FNDA:0,(anonymous_42)
FNDA:0,(anonymous_43)
FNDA:0,(anonymous_44)
FNDA:0,(anonymous_45)
FNDA:0,(anonymous_46)
FNDA:0,(anonymous_47)
FNDA:0,(anonymous_48)
FNDA:0,(anonymous_49)
FNDA:0,(anonymous_50)
FNDA:0,(anonymous_51)
FNDA:0,(anonymous_52)
FNDA:0,(anonymous_53)
FNDA:0,(anonymous_54)
FNDA:0,(anonymous_55)
FNDA:0,(anonymous_56)
FNDA:0,(anonymous_57)
FNDA:0,(anonymous_58)
FNDA:0,(anonymous_59)
FNDA:0,(anonymous_60)
FNDA:0,(anonymous_61)
FNDA:0,(anonymous_62)
DA:1,1
DA:3,1
DA:4,0
DA:11,0
DA:14,0
DA:17,0
DA:21,1
DA:22,0
DA:28,0
DA:31,0
DA:34,0
DA:38,1
DA:39,0
DA:46,0
DA:49,0
DA:52,0
DA:56,1
DA:57,0
DA:64,0
DA:67,0
DA:70,0
DA:74,1
DA:75,0
DA:82,0
DA:85,0
DA:88,0
DA:92,1
DA:93,0
DA:99,0
DA:102,0
DA:105,0
DA:109,1
DA:110,0
DA:116,0
DA:119,0
DA:122,0
DA:126,1
DA:127,0
DA:133,0
DA:136,0
DA:139,0
DA:143,1
DA:144,0
DA:150,0
DA:153,0
DA:156,0
DA:160,1
DA:161,0
DA:167,0
DA:170,0
DA:173,0
DA:177,1
DA:178,0
DA:179,0
DA:182,0
DA:185,0
DA:189,1
DA:190,0
DA:196,0
DA:199,0
DA:202,0
DA:206,1
DA:207,0
DA:213,0
DA:216,0
DA:219,0
DA:223,1
DA:224,0
DA:230,0
DA:233,0
DA:236,0
DA:240,1
DA:241,0
DA:247,0
DA:250,0
DA:253,0
DA:257,1
DA:258,0
DA:264,0
DA:267,0
DA:270,0
DA:274,1
DA:275,0
DA:281,0
DA:284,0
DA:287,0
DA:291,1
DA:292,0
DA:293,0
DA:296,0
DA:299,0
DA:303,1
DA:304,0
DA:305,0
DA:308,0
DA:311,0
DA:315,1
DA:316,0
DA:321,0
DA:324,0
DA:327,0
DA:331,1
DA:332,0
DA:333,0
DA:336,0
DA:339,0
LF:106
LH:22
BRF:0
BRH:0
end_of_record
TN:
SF:models/Balance.js
FN:19,(anonymous_0)
FN:36,(anonymous_1)
FN:40,(anonymous_2)
FN:41,(anonymous_3)
FN:81,(anonymous_4)
FN:135,(anonymous_5)
FN:157,(anonymous_6)
FN:162,(anonymous_7)
FN:164,(anonymous_8)
FN:172,(anonymous_9)
FN:177,(anonymous_10)
FN:190,(anonymous_11)
FN:209,(anonymous_12)
FN:222,(anonymous_13)
FN:237,(anonymous_14)
FN:258,calcProfitPeriod
FN:292,(anonymous_16)
FN:293,(anonymous_17)
FN:310,(anonymous_18)
FN:311,(anonymous_19)
FN:326,(anonymous_20)
FN:327,(anonymous_21)
FN:342,(anonymous_22)
FN:346,(anonymous_23)
FN:347,(anonymous_24)
FN:363,(anonymous_25)
FN:364,(anonymous_26)
FN:379,(anonymous_27)
FN:380,(anonymous_28)
FN:394,(anonymous_29)
FN:395,(anonymous_30)
FN:408,(anonymous_31)
FN:409,(anonymous_32)
FN:438,(anonymous_33)
FN:439,(anonymous_34)
FN:454,(anonymous_35)
FN:455,(anonymous_36)
FN:497,(anonymous_37)
FN:498,(anonymous_38)
FN:513,(anonymous_39)
FN:514,(anonymous_40)
FN:530,(anonymous_41)
FN:531,(anonymous_42)
FN:547,(anonymous_43)
FN:548,(anonymous_44)
FN:562,(anonymous_45)
FN:563,(anonymous_46)
FN:581,(anonymous_47)
FN:582,(anonymous_48)
FN:600,(anonymous_49)
FN:601,(anonymous_50)
FN:614,(anonymous_51)
FN:615,(anonymous_52)
FN:627,(anonymous_53)
FN:628,(anonymous_54)
FN:643,(anonymous_55)
FN:644,(anonymous_56)
FN:647,(anonymous_57)
FNF:58
FNH:6
FNDA:1,(anonymous_0)
FNDA:0,(anonymous_1)
FNDA:0,(anonymous_2)
FNDA:0,(anonymous_3)
FNDA:0,(anonymous_4)
FNDA:0,(anonymous_5)
FNDA:0,(anonymous_6)
FNDA:0,(anonymous_7)
FNDA:0,(anonymous_8)
FNDA:0,(anonymous_9)
FNDA:0,(anonymous_10)
FNDA:0,(anonymous_11)
FNDA:0,(anonymous_12)
FNDA:0,(anonymous_13)
FNDA:0,(anonymous_14)
FNDA:0,calcProfitPeriod
FNDA:0,(anonymous_16)
FNDA:0,(anonymous_17)
FNDA:1,(anonymous_18)
FNDA:1,(anonymous_19)
FNDA:1,(anonymous_20)
FNDA:1,(anonymous_21)
FNDA:1,(anonymous_22)
FNDA:0,(anonymous_23)
FNDA:0,(anonymous_24)
FNDA:0,(anonymous_25)
FNDA:0,(anonymous_26)
FNDA:0,(anonymous_27)
FNDA:0,(anonymous_28)
FNDA:0,(anonymous_29)
FNDA:0,(anonymous_30)
FNDA:0,(anonymous_31)
FNDA:0,(anonymous_32)
FNDA:0,(anonymous_33)
FNDA:0,(anonymous_34)
FNDA:0,(anonymous_35)
FNDA:0,(anonymous_36)
FNDA:0,(anonymous_37)
FNDA:0,(anonymous_38)
FNDA:0,(anonymous_39)
FNDA:0,(anonymous_40)
FNDA:0,(anonymous_41)
FNDA:0,(anonymous_42)
FNDA:0,(anonymous_43)
FNDA:0,(anonymous_44)
FNDA:0,(anonymous_45)
FNDA:0,(anonymous_46)
FNDA:0,(anonymous_47)
FNDA:0,(anonymous_48)
FNDA:0,(anonymous_49)
FNDA:0,(anonymous_50)
FNDA:0,(anonymous_51)
FNDA:0,(anonymous_52)
FNDA:0,(anonymous_53)
FNDA:0,(anonymous_54)
FNDA:0,(anonymous_55)
FNDA:0,(anonymous_56)
FNDA:0,(anonymous_57)
DA:1,1
DA:2,1
DA:3,1
DA:7,1
DA:17,1
DA:19,1
DA:25,1
DA:26,1
DA:27,1
DA:28,1
DA:29,1
DA:30,1
DA:31,0
DA:32,0
DA:36,1
DA:37,0
DA:40,1
DA:41,0
DA:42,0
DA:48,0
DA:74,0
DA:76,0
DA:81,1
DA:82,0
DA:84,0
DA:85,0
DA:86,0
DA:87,0
DA:89,0
DA:90,0
DA:91,0
DA:92,0
DA:93,0
DA:94,0
DA:95,0
DA:96,0
DA:97,0
DA:98,0
DA:100,0
DA:101,0
DA:102,0
DA:104,0
DA:105,0
DA:106,0
DA:108,0
DA:109,0
DA:110,0
DA:111,0
DA:114,0
DA:115,0
DA:116,0
DA:117,0
DA:118,0
DA:119,0
DA:120,0
DA:121,0
DA:122,0
DA:123,0
DA:126,0
DA:129,0
DA:135,0
DA:136,0
DA:139,0
DA:140,0
DA:142,0
DA:145,0
DA:154,0
DA:157,1
DA:162,0
DA:163,0
DA:164,0
DA:165,0
DA:171,0
DA:172,0
DA:173,0
DA:176,0
DA:177,0
DA:178,0
DA:179,0
DA:182,0
DA:186,0
DA:190,0
DA:191,0
DA:192,0
DA:194,0
DA:195,0
DA:199,0
DA:202,0
DA:203,0
DA:208,0
DA:209,0
DA:210,0
DA:211,0
DA:215,0
DA:222,0
DA:223,0
DA:226,0
DA:230,0
DA:234,0
DA:237,1
DA:238,0
DA:241,0
DA:242,0
DA:243,0
DA:244,0
DA:245,0
DA:247,0
DA:248,0
DA:250,0
DA:253,0
DA:254,0
DA:258,0
DA:259,0
DA:260,0
DA:261,0
DA:262,0
DA:264,0
DA:265,0
DA:270,0
DA:273,0
DA:274,0
DA:277,0
DA:278,0
DA:281,0
DA:282,0
DA:283,0
DA:284,0
DA:285,0
DA:289,0
DA:292,1
DA:293,0
DA:294,0
DA:295,0
DA:302,0
DA:303,0
DA:305,0
DA:310,1
DA:311,1
DA:312,1
DA:313,1
DA:319,1
DA:321,0
DA:326,1
DA:327,1
DA:328,1
DA:329,1
DA:335,1
DA:337,0
DA:342,1
DA:343,1
DA:346,1
DA:347,0
DA:348,0
DA:349,0
DA:356,0
DA:358,0
DA:363,1
DA:364,0
DA:365,0
DA:366,0
DA:372,0
DA:374,0
DA:379,1
DA:380,0
DA:381,0
DA:383,0
DA:387,0
DA:389,0
DA:394,1
DA:395,0
DA:396,0
DA:398,0
DA:401,0
DA:403,0
DA:408,1
DA:409,0
DA:410,0
DA:411,0
DA:431,0
DA:433,0
DA:438,1
DA:439,0
DA:440,0
DA:442,0
DA:447,0
DA:449,0
DA:454,1
DA:455,0
DA:456,0
DA:457,0
DA:458,0
DA:459,0
DA:461,0
DA:463,0
DA:465,0
DA:471,0
DA:477,0
DA:483,0
DA:484,0
DA:485,0
DA:492,0
DA:497,1
DA:498,0
DA:499,0
DA:500,0
DA:506,0
DA:508,0
DA:513,1
DA:514,0
DA:515,0
DA:516,0
DA:523,0
DA:525,0
DA:530,1
DA:531,0
DA:532,0
DA:533,0
DA:540,0
DA:542,0
DA:547,1
DA:548,0
DA:549,0
DA:551,0
DA:555,0
DA:557,0
DA:562,1
DA:563,0
DA:564,0
DA:566,0
DA:574,0
DA:576,0
DA:581,1
DA:582,0
DA:583,0
DA:584,0
DA:593,0
DA:595,0
DA:600,1
DA:601,0
DA:602,0
DA:603,0
DA:606,0
DA:608,0
DA:611,0
DA:614,1
DA:615,0
DA:616,0
DA:617,0
DA:620,0
DA:622,0
DA:627,1
DA:628,0
DA:629,0
DA:630,0
DA:631,0
DA:636,0
DA:638,0
DA:643,1
DA:644,0
DA:645,0
DA:646,0
DA:647,0
DA:648,0
DA:649,0
DA:650,0
DA:651,0
DA:653,0
DA:657,0
DA:658,0
DA:660,0
DA:662,0
DA:667,1
LF:272
LH:48
BRDA:30,0,0,0
BRDA:30,0,1,1
BRDA:82,1,0,0
BRDA:82,1,1,0
BRDA:82,2,0,0
BRDA:82,2,1,0
BRDA:163,3,0,0
BRDA:163,3,1,0
BRDA:165,4,0,0
BRDA:165,4,1,0
BRDA:171,5,0,0
BRDA:171,5,1,0
BRDA:176,6,0,0
BRDA:176,6,1,0
BRDA:178,7,0,0
BRDA:178,7,1,0
BRDA:186,8,0,0
BRDA:186,8,1,0
BRDA:187,9,0,0
BRDA:187,9,1,0
BRDA:191,10,0,0
BRDA:191,10,1,0
BRDA:194,11,0,0
BRDA:194,11,1,0
BRDA:202,12,0,0
BRDA:202,12,1,0
BRDA:208,13,0,0
BRDA:208,13,1,0
BRDA:210,14,0,0
BRDA:210,14,1,0
BRDA:248,15,0,0
BRDA:248,15,1,0
BRDA:343,16,0,0
BRDA:343,16,1,1
BRDA:343,17,0,1
BRDA:343,17,1,0
BRDA:461,18,0,0
BRDA:461,18,1,0
BRF:38
BRH:3
end_of_record
